<?xml version="1.0" encoding="UTF-8"?>
<!-- Generated by org.testng.reporters.JUnitXMLReporter -->
<testsuite ignored="0" hostname="A04D2EB4-796A-4719-A1C4-C27C927E344B" failures="0" tests="2" name="Test" time="27.251" errors="0" timestamp="2024-12-04T17:14:36 IST">
  <testcase classname="com.sampleprgm.Crossbrowsertest_Concept" name="browserlaunch" time="4.529"/>
  <testcase classname="com.sampleprgm.Crossbrowsertest_Concept" name="secondbrowserlaunch" time="22.654"/>
</testsuite> <!-- Test -->
