<?xml version="1.0" encoding="UTF-8"?>
<testng-results ignored="0" total="2" passed="2" failed="0" skipped="0">
  <reporter-output>
  </reporter-output>
  <suite started-at="2024-12-04T17:14:09 IST" name="Suite" finished-at="2024-12-04T17:14:36 IST" duration-ms="27251">
    <groups>
    </groups>
    <test started-at="2024-12-04T17:14:09 IST" name="Test" finished-at="2024-12-04T17:14:36 IST" duration-ms="27251">
      <class name="com.sampleprgm.Crossbrowsertest_Concept">
        <test-method signature="browserlaunch()[pri:0, instance:com.sampleprgm.Crossbrowsertest_Concept@31304f14]" started-at="2024-12-04T17:14:09 IST" name="browserlaunch" finished-at="2024-12-04T17:14:14 IST" duration-ms="4529" status="PASS">
          <reporter-output>
          </reporter-output>
        </test-method> <!-- browserlaunch -->
        <test-method signature="secondbrowserlaunch()[pri:0, instance:com.sampleprgm.Crossbrowsertest_Concept@31304f14]" started-at="2024-12-04T17:14:14 IST" name="secondbrowserlaunch" finished-at="2024-12-04T17:14:36 IST" duration-ms="22654" status="PASS">
          <reporter-output>
          </reporter-output>
        </test-method> <!-- secondbrowserlaunch -->
      </class> <!-- com.sampleprgm.Crossbrowsertest_Concept -->
    </test> <!-- Test -->
  </suite> <!-- Suite -->
</testng-results>
